<?xml version="1.0" encoding="UTF-8"?>
<testng-results ignored="0" total="5" passed="5" failed="0" skipped="0">
  <reporter-output>
  </reporter-output>
  <suite started-at="2022-11-01T09:24:53 IST" name="Default suite" finished-at="2022-11-01T09:24:59 IST" duration-ms="5324">
    <groups>
      <group name="cucumber">
        <method signature="AbstractTestNGCucumberTests.runScenario(io.cucumber.testng.PickleWrapper,io.cucumber.testng.FeatureWrapper)[pri:0, instance:runner.TestRunner@5562c41e]" name="runScenario" class="io.cucumber.testng.AbstractTestNGCucumberTests"/>
      </group> <!-- cucumber -->
    </groups>
    <test started-at="2022-11-01T09:24:53 IST" name="Default test" finished-at="2022-11-01T09:24:59 IST" duration-ms="5324">
      <class name="runner.TestRunner">
        <test-method is-config="true" signature="setUpClass()[pri:0, instance:runner.TestRunner@5562c41e]" started-at="2022-11-01T09:24:53 IST" name="setUpClass" finished-at="2022-11-01T09:24:54 IST" duration-ms="381" status="PASS">
          <reporter-output>
          </reporter-output>
        </test-method> <!-- setUpClass -->
        <test-method signature="runScenario(io.cucumber.testng.PickleWrapper,io.cucumber.testng.FeatureWrapper)[pri:0, instance:runner.TestRunner@5562c41e]" started-at="2022-11-01T09:24:54 IST" name="runScenario" description="Runs Cucumber Scenarios" data-provider="scenarios" finished-at="2022-11-01T09:24:54 IST" duration-ms="239" status="PASS">
          <params>
            <param index="0">
              <value>
                <![CDATA["users can give two digits to add"]]>
              </value>
            </param>
            <param index="1">
              <value>
                <![CDATA["Optional[Calculator]"]]>
              </value>
            </param>
          </params>
          <reporter-output>
          </reporter-output>
        </test-method> <!-- runScenario -->
        <test-method signature="runScenario(io.cucumber.testng.PickleWrapper,io.cucumber.testng.FeatureWrapper)[pri:0, instance:runner.TestRunner@5562c41e]" started-at="2022-11-01T09:24:54 IST" name="runScenario" description="Runs Cucumber Scenarios" data-provider="scenarios" finished-at="2022-11-01T09:24:57 IST" duration-ms="2849" status="PASS">
          <params>
            <param index="0">
              <value>
                <![CDATA["user wants to get the single daata"]]>
              </value>
            </param>
            <param index="1">
              <value>
                <![CDATA["Optional[user is able to get the single data]"]]>
              </value>
            </param>
          </params>
          <reporter-output>
          </reporter-output>
        </test-method> <!-- runScenario -->
        <test-method signature="runScenario(io.cucumber.testng.PickleWrapper,io.cucumber.testng.FeatureWrapper)[pri:0, instance:runner.TestRunner@5562c41e]" started-at="2022-11-01T09:24:57 IST" name="runScenario" description="Runs Cucumber Scenarios" data-provider="scenarios" finished-at="2022-11-01T09:24:58 IST" duration-ms="784" status="PASS">
          <params>
            <param index="0">
              <value>
                <![CDATA["To write post method"]]>
              </value>
            </param>
            <param index="1">
              <value>
                <![CDATA["Optional[Requers]"]]>
              </value>
            </param>
          </params>
          <reporter-output>
          </reporter-output>
        </test-method> <!-- runScenario -->
        <test-method signature="runScenario(io.cucumber.testng.PickleWrapper,io.cucumber.testng.FeatureWrapper)[pri:0, instance:runner.TestRunner@5562c41e]" started-at="2022-11-01T09:24:58 IST" name="runScenario" description="Runs Cucumber Scenarios" data-provider="scenarios" finished-at="2022-11-01T09:24:58 IST" duration-ms="454" status="PASS">
          <params>
            <param index="0">
              <value>
                <![CDATA["user want to delete th particular data"]]>
              </value>
            </param>
            <param index="1">
              <value>
                <![CDATA["Optional[user is able to delete]"]]>
              </value>
            </param>
          </params>
          <reporter-output>
          </reporter-output>
        </test-method> <!-- runScenario -->
        <test-method signature="runScenario(io.cucumber.testng.PickleWrapper,io.cucumber.testng.FeatureWrapper)[pri:0, instance:runner.TestRunner@5562c41e]" started-at="2022-11-01T09:24:58 IST" name="runScenario" description="Runs Cucumber Scenarios" data-provider="scenarios" finished-at="2022-11-01T09:24:59 IST" duration-ms="522" status="PASS">
          <params>
            <param index="0">
              <value>
                <![CDATA["User wants to update the existing data"]]>
              </value>
            </param>
            <param index="1">
              <value>
                <![CDATA["Optional[User is able to update the data in the data base by put method]"]]>
              </value>
            </param>
          </params>
          <reporter-output>
          </reporter-output>
        </test-method> <!-- runScenario -->
        <test-method is-config="true" signature="tearDownClass()[pri:0, instance:runner.TestRunner@5562c41e]" started-at="2022-11-01T09:24:59 IST" name="tearDownClass" finished-at="2022-11-01T09:24:59 IST" duration-ms="14" status="PASS">
          <reporter-output>
          </reporter-output>
        </test-method> <!-- tearDownClass -->
      </class> <!-- runner.TestRunner -->
    </test> <!-- Default test -->
  </suite> <!-- Default suite -->
</testng-results>
